<?xml version="1.0" encoding="UTF-8"?>
<!-- Generated by org.testng.reporters.JUnitXMLReporter -->
<testsuite hostname="DESKTOP-TBDKMS8" name="Test" tests="4" failures="0" timestamp="11 Apr 2019 17:09:45 GMT" time="0.043" errors="0">
  <testcase name="BrowserAutomation" time="0.015" classname="qaclickacademy.SeleniumTest"/>
  <testcase name="ElementsUI" time="0.0" classname="qaclickacademy.SeleniumTest"/>
  <testcase name="DeleteTwitter" time="0.001" classname="qaclickacademy.RESTAPITest"/>
  <testcase name="PostJIRA" time="0.001" classname="qaclickacademy.RESTAPITest"/>
</testsuite> <!-- Test -->
